[2025-04-13 16:09:13,918]  INFO {apscheduler.scheduler:212} Scheduler has been shut down
[2025-04-13 16:09:13,919]  INFO {cps.server:298} Performing shutdown of Calibre-Web
[2025-04-13 16:09:15,093]  WARN {cps.config_sql:364} Log path  not valid, falling back to default
[2025-04-13 16:09:15,102]  INFO {cps:178} Starting Calibre Web...
[2025-04-13 16:09:15,218]  WARN {py.warnings:110} /lsiopy/lib/python3.12/site-packages/flask_limiter/extension.py:333: UserWarning: Using the in-memory storage for tracking rate limits as no storage was explicitly specified. This is not recommended for production use. See: https://flask-limiter.readthedocs.io#configuring-a-storage-backend for documentation about configuring the storage backend.
  warnings.warn(

[2025-04-13 16:09:15,271]  INFO {apscheduler.scheduler:181} Scheduler started
[2025-04-13 16:09:15,271]  INFO {apscheduler.scheduler:895} Added job "delete temp" to job store "default"
[2025-04-13 16:09:15,271]  INFO {apscheduler.scheduler:895} Added job "end scheduled task" to job store "default"
[2025-04-13 16:09:15,271]  INFO {apscheduler.scheduler:895} Added job "immediately delete temp" to job store "default"
[2025-04-13 16:09:15,272]  INFO {apscheduler.executors.default:123} Running job "immediately delete temp (trigger: date[2025-04-13 16:09:15 CST], next run at: 2025-04-13 16:09:15 CST)" (scheduled at 2025-04-13 16:09:15.271721+08:00)
[2025-04-13 16:09:15,278]  INFO {apscheduler.scheduler:641} Removed job 8aeb0a3fb9fe4214a046efeb851ca788
[2025-04-13 16:09:15,278]  INFO {apscheduler.executors.default:144} Job "immediately delete temp (trigger: date[2025-04-13 16:09:15 CST], next run at: 2025-04-13 16:09:15 CST)" executed successfully
[2025-04-13 16:09:15,752]  INFO {cps.server:218} Starting Gevent server on [::]:8083
[2025-04-13 16:12:44,005]  WARN {cps.config_sql:364} Log path  not valid, falling back to default
[2025-04-13 16:12:44,016]  INFO {cps:178} Starting Calibre Web...
[2025-04-13 16:12:44,164]  WARN {py.warnings:110} /lsiopy/lib/python3.12/site-packages/flask_limiter/extension.py:333: UserWarning: Using the in-memory storage for tracking rate limits as no storage was explicitly specified. This is not recommended for production use. See: https://flask-limiter.readthedocs.io#configuring-a-storage-backend for documentation about configuring the storage backend.
  warnings.warn(

[2025-04-13 16:12:44,236]  INFO {apscheduler.scheduler:181} Scheduler started
[2025-04-13 16:12:44,236]  INFO {apscheduler.scheduler:895} Added job "delete temp" to job store "default"
[2025-04-13 16:12:44,237]  INFO {apscheduler.scheduler:895} Added job "end scheduled task" to job store "default"
[2025-04-13 16:12:44,237]  INFO {apscheduler.scheduler:895} Added job "immediately delete temp" to job store "default"
[2025-04-13 16:12:44,237]  INFO {apscheduler.executors.default:123} Running job "immediately delete temp (trigger: date[2025-04-13 16:12:44 CST], next run at: 2025-04-13 16:12:44 CST)" (scheduled at 2025-04-13 16:12:44.237144+08:00)
[2025-04-13 16:12:44,245]  INFO {apscheduler.scheduler:641} Removed job b62d309cc39e4c92b0a727ee6af1955b
[2025-04-13 16:12:44,245]  INFO {apscheduler.executors.default:144} Job "immediately delete temp (trigger: date[2025-04-13 16:12:44 CST], next run at: 2025-04-13 16:12:44 CST)" executed successfully
[2025-04-13 16:12:44,758]  INFO {cps.server:218} Starting Gevent server on [::]:8083
